C51 COMPILER V9.60.7.0   DELAY                                                             11/30/2023 13:52:19 PAGE 1   


C51 COMPILER V9.60.7.0, COMPILATION OF MODULE DELAY
OBJECT MODULE PLACED IN .\Objects\delay.obj
COMPILER INVOKED BY: E:\keil\C51\BIN\C51.EXE delay.c OPTIMIZE(8,SPEED) BROWSE DEBUG OBJECTEXTEND PRINT(.\Listings\delay.
                    -lst) TABS(2) OBJECT(.\Objects\delay.obj)

line level    source

   1          #include"delay.h"
   2          void delay1ms(unsigned int t)//Îó²î0us
   3          {
   4   1        unsigned int i,j;
   5   1        for(i=0;i<t;i++)
   6   1        {
   7   2          for(j=0;j<120;j++);
   8   2        }
   9   1      }


MODULE INFORMATION:   STATIC OVERLAYABLE
   CODE SIZE        =     32    ----
   CONSTANT SIZE    =   ----    ----
   XDATA SIZE       =   ----    ----
   PDATA SIZE       =   ----    ----
   DATA SIZE        =   ----    ----
   IDATA SIZE       =   ----    ----
   BIT SIZE         =   ----    ----
END OF MODULE INFORMATION.


C51 COMPILATION COMPLETE.  0 WARNING(S),  0 ERROR(S)
