C51 COMPILER V9.60.7.0   DS18B20                                                           11/30/2023 13:52:19 PAGE 1   


C51 COMPILER V9.60.7.0, COMPILATION OF MODULE DS18B20
OBJECT MODULE PLACED IN .\Objects\DS18B20.obj
COMPILER INVOKED BY: E:\keil\C51\BIN\C51.EXE DS18B20.c OPTIMIZE(8,SPEED) BROWSE DEBUG OBJECTEXTEND PRINT(.\Listings\DS18
                    -B20.lst) TABS(2) OBJECT(.\Objects\DS18B20.obj)

line level    source

   1          #include"DS18B20.h"
   2          sbit DSIO=P3^7;
   3          void Delayms1(unsigned int n)
   4          {
   5   1        unsigned int i,j;
   6   1        for(j=n;j>0;j--)
   7   1        for(i=112;i>0;i--);
   8   1      }
   9          unsigned char Ds18b20Init()
  10          {
  11   1        unsigned int i;
  12   1        DSIO=0; 
  13   1        i=80;
  14   1        while(i--);//持续低电平
  15   1        DSIO=1;//拉高
  16   1        i=0;
  17   1        while(DSIO) //检测是否存在DS18B20应答低电平信号
  18   1      {
  19   2        i++;
  20   2        if(i>50000)//等待>50MS
  21   2          return 0;
  22   2      }
  23   1      return 1;
  24   1      }
  25          
  26          void Ds18b20WriteByte(unsigned char dat)
  27          {
  28   1        unsigned int i,j;
  29   1        for(j=0;j<8;j++)
  30   1        {
  31   2          DSIO=0; //先拉低总线1us
  32   2          i++;
  33   2          DSIO=dat&0x01; //从最低位开始输入
  34   2          i=6;
  35   2          while(i--); //延时60us以上，让DS18B20读取到输入的信息
  36   2          DSIO=1; //释放总线
  37   2          dat>>=1;//移位，继续写入
  38   2          }
  39   1      }
  40          
  41          unsigned char Ds18b20ReadByte()
  42          {
  43   1        unsigned char byte,bi;
  44   1        unsigned int i,j;
  45   1        for(j=8;j>0;j--)
  46   1        {
  47   2          DSIO=0;//拉低1us
  48   2          i++;
  49   2          DSIO=1;//让DS18B20把数据传到总线上
  50   2          i++;
  51   2          i++;//延时6us等待数据稳定
  52   2          bi=DSIO; //从最低位开始读取数据
  53   2          byte=(byte>>1)|(bi<<7); //byte右移1位，bi左移七位，两者相与
  54   2          i=4; 
C51 COMPILER V9.60.7.0   DS18B20                                                           11/30/2023 13:52:19 PAGE 2   

  55   2          while(i--);//读取完后等待48us再读取下一位
  56   2          }
  57   1        return byte;
  58   1      }
  59          
  60          void Ds18b20ChangTemp()//写入温度转换指令
  61          {
  62   1        Ds18b20Init();//DS18B20初始化
  63   1        Delayms1(1);
  64   1        Ds18b20WriteByte(0xcc); //跳过ROM
  65   1        Ds18b20WriteByte(0x44); //温度转换命令
  66   1        Delayms1(100);
  67   1      }
  68          
  69          void Ds18b20ReadTempCom()//写入读取温度指令
  70          {
  71   1        Ds18b20Init();//DS18B20初始化
  72   1        Delayms1(1);
  73   1        Ds18b20WriteByte(0xcc); //跳过ROM
  74   1        Ds18b20WriteByte(0xbe); //发送读取温度命令
  75   1      }
  76          
  77          int Ds18b20ReadTemp()//读取温度
  78          {
  79   1        unsigned int temp;
  80   1        unsigned char tmh,tml;
  81   1        Ds18b20ChangTemp(); //写入转换指令
  82   1        Ds18b20ReadTempCom();//写入读取温度指令
  83   1        tml=Ds18b20ReadByte(); //读取温度，16位，低八位
  84   1        tmh=Ds18b20ReadByte(); //高八位
  85   1        temp=tmh;
  86   1        temp<<=8; //
  87   1        temp|=tml; //
  88   1        return temp;
  89   1      }


MODULE INFORMATION:   STATIC OVERLAYABLE
   CODE SIZE        =    254    ----
   CONSTANT SIZE    =   ----    ----
   XDATA SIZE       =   ----    ----
   PDATA SIZE       =   ----    ----
   DATA SIZE        =   ----       3
   IDATA SIZE       =   ----    ----
   BIT SIZE         =   ----    ----
END OF MODULE INFORMATION.


C51 COMPILATION COMPLETE.  0 WARNING(S),  0 ERROR(S)
