C51 COMPILER V9.60.7.0   LCD                                                               11/30/2023 13:52:19 PAGE 1   


C51 COMPILER V9.60.7.0, COMPILATION OF MODULE LCD
OBJECT MODULE PLACED IN .\Objects\lcd.obj
COMPILER INVOKED BY: E:\keil\C51\BIN\C51.EXE lcd.c OPTIMIZE(8,SPEED) BROWSE DEBUG OBJECTEXTEND PRINT(.\Listings\lcd.lst)
                    - TABS(2) OBJECT(.\Objects\lcd.obj)

line level    source

   1          #include"lcd.h"
   2          #include"delay.h"
   3          void Lcd1602_Write_Cmd(unsigned char cmd)//写入命令
   4          {
   5   1        Read_Busy();
   6   1        LCD1602_RS=0;      
   7   1        LCD1602_RW=0;
   8   1        LCD1602_DB=cmd;
   9   1        delay1ms(10);
  10   1        LCD1602_EN=1;
  11   1        delay1ms(10);
  12   1        LCD1602_EN=0;
  13   1      }
  14          void Lcd1602_Write_Data(unsigned char dat)//写入数据
  15          {
  16   1        Read_Busy();
  17   1        LCD1602_RS=1;
  18   1        LCD1602_RW=0;
  19   1        LCD1602_DB=dat;
  20   1        delay1ms(10);
  21   1        LCD1602_EN=1;
  22   1        delay1ms(10);
  23   1        LCD1602_EN=0;
  24   1      }
  25          void InitLcd1602()//1602初始化
  26          {
  27   1        Lcd1602_Write_Cmd(0x38);//打开5*8的8位数据
  28   1        Lcd1602_Write_Cmd(0x0c);//开显示，不显示光标
  29   1        Lcd1602_Write_Cmd(0x06);//地址加1，写入数据时光标右移
  30   1        Lcd1602_Write_Cmd(0x01);//清屏
  31   1      }
  32          
  33          //忙检测函数，判断bit7是0，允许执行；1禁止
  34          void Read_Busy()
  35          {
  36   1        uchar sta;
  37   1        LCD1602_DB=0xff;
  38   1        LCD1602_RS=0;
  39   1        LCD1602_RW=1;
  40   1        do
  41   1        {
  42   2          LCD1602_EN=1;
  43   2          sta=LCD1602_DB;//P0口
  44   2          LCD1602_EN=0;//使能。用完就拉低，释放总线
  45   2        }while(sta &0x80);
  46   1      }
  47          //显示字符串
  48          void ShowStr(uchar *str)
  49          {
  50   1        while(*str!='\0')
  51   1        {
  52   2          Lcd1602_Write_Data(*str++);
  53   2        }
  54   1      }
C51 COMPILER V9.60.7.0   LCD                                                               11/30/2023 13:52:19 PAGE 2   

  55          void display(uchar str[])
  56          {
  57   1        Lcd1602_Write_Cmd(0x80);//指明首地址
  58   1        ShowStr(str);//显示字符串
  59   1      }
  60          void display_1(uchar str[])
  61          {
  62   1        Lcd1602_Write_Cmd(0xc0);//指明首地址
  63   1        ShowStr(str);//显示字符串
  64   1      }


MODULE INFORMATION:   STATIC OVERLAYABLE
   CODE SIZE        =    177    ----
   CONSTANT SIZE    =   ----    ----
   XDATA SIZE       =   ----    ----
   PDATA SIZE       =   ----    ----
   DATA SIZE        =   ----      11
   IDATA SIZE       =   ----    ----
   BIT SIZE         =   ----    ----
END OF MODULE INFORMATION.


C51 COMPILATION COMPLETE.  0 WARNING(S),  0 ERROR(S)
