C51 COMPILER V9.60.7.0   MAIN                                                              11/30/2023 13:52:19 PAGE 1   


C51 COMPILER V9.60.7.0, COMPILATION OF MODULE MAIN
OBJECT MODULE PLACED IN .\Objects\main.obj
COMPILER INVOKED BY: E:\keil\C51\BIN\C51.EXE main.c OPTIMIZE(8,SPEED) BROWSE DEBUG OBJECTEXTEND PRINT(.\Listings\main.ls
                    -t) TABS(2) OBJECT(.\Objects\main.obj)

line level    source

   1          #include<reg51.h>
   2          #include"password.h"
   3          #include"show_temp.h"
   4          #include"DS18B20.h"
   5          #include"clock.h"
   6          #include"delay.h"
   7          #define uchar unsigned char  
   8          #define uint unsigned int 
   9          void main(void)
  10          {
  11   1        begin();
  12   1        show_init();
  13   1        while(1)
  14   1          {
  15   2            if(K4==0)
  16   2            {
  17   3              show_clock();
  18   3            }
  19   2            else
  20   2            {
  21   3              //EA=0;
  22   3              show_temp();
  23   3            }
  24   2          }
  25   1      }
  26          
  27          
  28          void intes( ) interrupt 4 //串口中断函数，向PC机发送温度
  29          {
  30   1        unsigned char m;
  31   1        sign=0;
  32   1        receiveData[m] = SBUF; //读取数据
  33   1        RI = 0; //清除标志位
  34   1        m++;
  35   1        if(m==2)
  36   1          {
  37   2            sign=1;
  38   2            m=0;
  39   2          }
  40   1      }
  41          
  42          
  43          
  44          


MODULE INFORMATION:   STATIC OVERLAYABLE
   CODE SIZE        =     60    ----
   CONSTANT SIZE    =   ----    ----
   XDATA SIZE       =   ----    ----
   PDATA SIZE       =   ----    ----
   DATA SIZE        =   ----       1
   IDATA SIZE       =   ----    ----
   BIT SIZE         =   ----    ----
C51 COMPILER V9.60.7.0   MAIN                                                              11/30/2023 13:52:19 PAGE 2   

END OF MODULE INFORMATION.


C51 COMPILATION COMPLETE.  0 WARNING(S),  0 ERROR(S)
