C51 COMPILER V9.60.7.0   SHOW_TEMP                                                         11/30/2023 13:52:19 PAGE 1   


C51 COMPILER V9.60.7.0, COMPILATION OF MODULE SHOW_TEMP
OBJECT MODULE PLACED IN .\Objects\show_temp.obj
COMPILER INVOKED BY: E:\keil\C51\BIN\C51.EXE show_temp.c OPTIMIZE(8,SPEED) BROWSE DEBUG OBJECTEXTEND PRINT(.\Listings\sh
                    -ow_temp.lst) TABS(2) OBJECT(.\Objects\show_temp.obj)

line level    source

   1          #include<reg51.h>
   2          #include"lcd.h"
   3          #include"DS18B20.h"
   4          #include"show_temp.h"
   5          #include"delay.h"
   6          sbit beep=P1^5;
   7          sbit PWM=P1^0;
   8          unsigned int num[4],temp;
   9          float tmp,x;
  10          unsigned char sign;
  11          unsigned char receiveData[2];
  12          
  13          void BEEP()//温度报警
  14          {
  15   1        if(tmp-x<1e-7)
  16   1          PWM=0;//PWM=1转动
  17   1        else
  18   1        {
  19   2          PWM=1;
  20   2          beep=1;
  21   2          delay1ms(1);
  22   2          beep=0;
  23   2          delay1ms(1);
  24   2        }
  25   1      }
  26          void DISPLAY()//阈值温度显示到LCD
  27          {
  28   1        unsigned char i;
  29   1        Lcd1602_Write_Cmd(0x80+11);
  30   1        for(i=0;i<2;i++)
  31   1          Lcd1602_Write_Data(receiveData[i]);
  32   1        /* 显示℃*/
  33   1          Lcd1602_Write_Cmd(0x80+13);
  34   1        Lcd1602_Write_Data(0xdf);
  35   1        Lcd1602_Write_Cmd(0x80+14); 
  36   1        Lcd1602_Write_Data('C');
  37   1      
  38   1      }
  39          float displayTemperature()//在LcD上显示温度
  40          {
  41   1        unsigned int i;
  42   1        float f;
  43   1        if(temp<0)
  44   1          tmp=(~temp+1)*0.0625; 
  45   1        else
  46   1          tmp=temp*0.0625; 
  47   1        num[0]=(int)tmp/10;
  48   1        num[1]=(int)tmp%10;
  49   1        f=(float)(tmp-(num[0]*10+num[1]));
  50   1        i=(int)(f*100);
  51   1        num[2]=i/10;
  52   1        num[3]=i%10;     
  53   1        /*显示十位*/
  54   1        Lcd1602_Write_Cmd(0x80+0x40);
C51 COMPILER V9.60.7.0   SHOW_TEMP                                                         11/30/2023 13:52:19 PAGE 2   

  55   1        Lcd1602_Write_Data(num[0]+0x30);
  56   1        /*显示个位*/
  57   1        Lcd1602_Write_Cmd(0x80+0x40+1);
  58   1        Lcd1602_Write_Data(num[1]+0x30);
  59   1        /*显示小数点*/
  60   1        Lcd1602_Write_Cmd(0x80+0x40+2);
  61   1        Lcd1602_Write_Data('.');
  62   1        /*显示小数点后一位*/
  63   1        Lcd1602_Write_Cmd(0x80+0x40+3);
  64   1        Lcd1602_Write_Data(num[2]+0x30);
  65   1        /*显示小数点后两位*/
  66   1        Lcd1602_Write_Cmd(0x80+0x40+4);
  67   1        Lcd1602_Write_Data(num[3]+0x30);
  68   1        /* 显示℃*/
  69   1        Lcd1602_Write_Cmd(0x80+0x40+5);
  70   1        Lcd1602_Write_Data(0xdf);
  71   1        Lcd1602_Write_Cmd(0x80+0x40+6); 
  72   1        Lcd1602_Write_Data('C');
  73   1        return tmp;       
  74   1      }
  75          
  76          void send()//向PC端发送温度
  77          {
  78   1        unsigned int i;
  79   1        ES=0;
  80   1        for(i=0;i<2;i++)
  81   1        {
  82   2          SBUF=num[i]+0x30; //发数据
  83   2          while(!TI);
  84   2          TI=0;//清除标志位
  85   2        }
  86   1        SBUF='.'; //发数据
  87   1        while(!TI);
  88   1        TI=0;//清除标志位
  89   1        for(i=2;i<4;i++)
  90   1        {
  91   2          SBUF=num[i]+0x30; //发数据
  92   2          while(!TI);
  93   2          TI=0;//清除标志位
  94   2        }
  95   1        SBUF=' '; //发送空格，进行间隔
  96   1        while(!TI);
  97   1        TI=0;//清除标志位
  98   1        ES=1;
  99   1      }
 100          void UsartConfiguration()
 101          {
 102   1          SCON=0X50; //设置为工作方式1
 103   1          PCON=0X00; //波特率不倍增
 104   1          TMOD=0X20; //设置计数器工作方式2
 105   1          TL1=0xfA;//波特率4800
 106   1          TH1=0xfA;
 107   1          TR1=1; //启动计数器
 108   1          EA=1; //开中断
 109   1          ES=1;
 110   1      }
 111          void show_init()
 112          {
 113   1        unsigned char code name[10]="0303/0304:";
 114   1        unsigned int i;
 115   1        InitLcd1602();
 116   1        UsartConfiguration();//串口通信初始化
C51 COMPILER V9.60.7.0   SHOW_TEMP                                                         11/30/2023 13:52:19 PAGE 3   

 117   1        Lcd1602_Write_Cmd (0x80);
 118   1        for(i=0;i<10;i++)
 119   1        Lcd1602_Write_Data (name[i]);
 120   1      }
 121            
 122          void show_temp()
 123          {
 124   1        unsigned char i;
 125   1        temp=Ds18b20ReadTemp();//读取DS18B20的温度
 126   1        tmp=displayTemperature();//进行温度转换
 127   1        send();
 128   1        (float)x=(receiveData[0]-0x30)*10+receiveData[1]-0x30;
 129   1        if(sign)
 130   1          {
 131   2            DISPLAY();
 132   2            for(i=0;i<50;i++)
 133   2            {
 134   3              BEEP();
 135   3            }
 136   2          }
 137   1      }
 138          /*void show()
 139          {
 140            unsigned char i;
 141            UsartConfiguration();//串口通信初始化
 142            temp=Ds18b20ReadTemp();//读取DS18B20的温度
 143            tmp=displayTemperature();//进行温度转换
 144            send();
 145          }*/


MODULE INFORMATION:   STATIC OVERLAYABLE
   CODE SIZE        =    626    ----
   CONSTANT SIZE    =     10    ----
   XDATA SIZE       =   ----    ----
   PDATA SIZE       =   ----    ----
   DATA SIZE        =     21       8
   IDATA SIZE       =   ----    ----
   BIT SIZE         =   ----    ----
END OF MODULE INFORMATION.


C51 COMPILATION COMPLETE.  0 WARNING(S),  0 ERROR(S)
